<?xml version="1.0" encoding="UTF-8"?>
<testsuite xmlns:xsi="http://www.w3.org/2001/XMLSchema-instance" xsi:noNamespaceSchemaLocation="https://maven.apache.org/surefire/maven-surefire-plugin/xsd/surefire-test-report.xsd" name="org.unipampa.sonar.customrules.java.checks.br.MyFirstCustomCheckTest" time="0.833" tests="1" errors="0" skipped="0" failures="0">
  <properties>
    <property name="sun.desktop" value="windows"/>
    <property name="awt.toolkit" value="sun.awt.windows.WToolkit"/>
    <property name="file.encoding.pkg" value="sun.io"/>
    <property name="java.specification.version" value="1.8"/>
    <property name="sun.cpu.isalist" value="amd64"/>
    <property name="sun.jnu.encoding" value="Cp1252"/>
    <property name="java.class.path" value="C:\Users\YURY\Documents\Engenharia de Software\Projeto de Pesquisa\SonarQubeRules\java-custom-rules\target\test-classes;C:\Users\YURY\Documents\Engenharia de Software\Projeto de Pesquisa\SonarQubeRules\java-custom-rules\target\classes;C:\Users\YURY\.m2\repository\org\sonarsource\sonarqube\sonar-plugin-api\6.3\sonar-plugin-api-6.3.jar;C:\Users\YURY\.m2\repository\org\codehaus\woodstox\woodstox-core-lgpl\4.4.0\woodstox-core-lgpl-4.4.0.jar;C:\Users\YURY\.m2\repository\javax\xml\stream\stax-api\1.0-2\stax-api-1.0-2.jar;C:\Users\YURY\.m2\repository\org\codehaus\woodstox\stax2-api\3.1.4\stax2-api-3.1.4.jar;C:\Users\YURY\.m2\repository\org\codehaus\staxmate\staxmate\2.0.1\staxmate-2.0.1.jar;C:\Users\YURY\.m2\repository\org\sonarsource\java\sonar-java-plugin\4.7.1.9272\sonar-java-plugin-4.7.1.9272.jar;C:\Users\YURY\.m2\repository\org\sonarsource\java\java-surefire\4.7.1.9272\java-surefire-4.7.1.9272.jar;C:\Users\YURY\.m2\repository\org\sonarsource\java\java-jacoco\4.7.1.9272\java-jacoco-4.7.1.9272.jar;C:\Users\YURY\.m2\repository\org\jacoco\org.jacoco.core\0.7.5.201505241946\org.jacoco.core-0.7.5.201505241946.jar;C:\Users\YURY\.m2\repository\org\sonarsource\java\java-jacoco-previous\4.7.1.9272\java-jacoco-previous-4.7.1.9272.jar;C:\Users\YURY\.m2\repository\org\sonarsource\java\java-checks\4.7.1.9272\java-checks-4.7.1.9272.jar;C:\Users\YURY\.m2\repository\org\sonarsource\java\java-frontend\4.7.1.9272\java-frontend-4.7.1.9272.jar;C:\Users\YURY\.m2\repository\org\sonarsource\sslr\sslr-core\1.21\sslr-core-1.21.jar;C:\Users\YURY\.m2\repository\com\google\code\findbugs\jsr305\1.3.9\jsr305-1.3.9.jar;C:\Users\YURY\.m2\repository\cglib\cglib-nodep\3.1\cglib-nodep-3.1.jar;C:\Users\YURY\.m2\repository\com\google\guava\guava\19.0\guava-19.0.jar;C:\Users\YURY\.m2\repository\org\sonarsource\java\java-maven-model\4.7.1.9272\java-maven-model-4.7.1.9272.jar;C:\Users\YURY\.m2\repository\org\ow2\asm\asm-debug-all\5.0.3\asm-debug-all-5.0.3.jar;C:\Users\YURY\.m2\repository\org\apache\maven\maven-project\2.0.7\maven-project-2.0.7.jar;C:\Users\YURY\.m2\repository\org\apache\maven\maven-settings\2.0.7\maven-settings-2.0.7.jar;C:\Users\YURY\.m2\repository\org\apache\maven\maven-profile\2.0.7\maven-profile-2.0.7.jar;C:\Users\YURY\.m2\repository\org\apache\maven\maven-model\2.0.7\maven-model-2.0.7.jar;C:\Users\YURY\.m2\repository\org\apache\maven\maven-artifact-manager\2.0.7\maven-artifact-manager-2.0.7.jar;C:\Users\YURY\.m2\repository\org\apache\maven\maven-repository-metadata\2.0.7\maven-repository-metadata-2.0.7.jar;C:\Users\YURY\.m2\repository\org\apache\maven\wagon\wagon-provider-api\1.0-beta-2\wagon-provider-api-1.0-beta-2.jar;C:\Users\YURY\.m2\repository\org\apache\maven\maven-plugin-registry\2.0.7\maven-plugin-registry-2.0.7.jar;C:\Users\YURY\.m2\repository\org\codehaus\plexus\plexus-utils\1.4.1\plexus-utils-1.4.1.jar;C:\Users\YURY\.m2\repository\org\apache\maven\maven-artifact\2.0.7\maven-artifact-2.0.7.jar;C:\Users\YURY\.m2\repository\org\codehaus\plexus\plexus-container-default\1.0-alpha-9-stable-1\plexus-container-default-1.0-alpha-9-stable-1.jar;C:\Users\YURY\.m2\repository\classworlds\classworlds\1.1-alpha-2\classworlds-1.1-alpha-2.jar;C:\Users\YURY\.m2\repository\commons-lang\commons-lang\2.6\commons-lang-2.6.jar;C:\Users\YURY\.m2\repository\org\sonarsource\sslr-squid-bridge\sslr-squid-bridge\2.6.1\sslr-squid-bridge-2.6.1.jar;C:\Users\YURY\.m2\repository\org\picocontainer\picocontainer\2.14.1\picocontainer-2.14.1.jar;C:\Users\YURY\.m2\repository\org\sonarsource\java\java-checks-testkit\4.7.1.9272\java-checks-testkit-4.7.1.9272.jar;C:\Users\YURY\.m2\repository\com\google\code\gson\gson\2.6.2\gson-2.6.2.jar;C:\Users\YURY\.m2\repository\org\sonarsource\sslr\sslr-testing-harness\1.21\sslr-testing-harness-1.21.jar;C:\Users\YURY\.m2\repository\org\sonarsource\sslr\sslr-toolkit\1.21\sslr-toolkit-1.21.jar;C:\Users\YURY\.m2\repository\org\sonarsource\sslr\sslr-xpath\1.21\sslr-xpath-1.21.jar;C:\Users\YURY\.m2\repository\jaxen\jaxen\1.1.4\jaxen-1.1.4.jar;C:\Users\YURY\.m2\repository\org\codehaus\sonar\sonar-colorizer\3.7\sonar-colorizer-3.7.jar;C:\Users\YURY\.m2\repository\org\codehaus\sonar\sonar-channel\3.7\sonar-channel-3.7.jar;C:\Users\YURY\.m2\repository\org\easytesting\fest-assert\1.4\fest-assert-1.4.jar;C:\Users\YURY\.m2\repository\org\easytesting\fest-util\1.1.6\fest-util-1.1.6.jar;C:\Users\YURY\.m2\repository\org\hamcrest\hamcrest-all\1.1\hamcrest-all-1.1.jar;C:\Users\YURY\.m2\repository\org\slf4j\slf4j-api\1.6.2\slf4j-api-1.6.2.jar;C:\Users\YURY\.m2\repository\junit\junit\4.12\junit-4.12.jar;C:\Users\YURY\.m2\repository\org\hamcrest\hamcrest-core\1.3\hamcrest-core-1.3.jar;C:\Users\YURY\.m2\repository\org\assertj\assertj-core\3.6.1\assertj-core-3.6.1.jar;C:\Users\YURY\.m2\repository\ch\qos\logback\logback-classic\0.9.30\logback-classic-0.9.30.jar;C:\Users\YURY\.m2\repository\ch\qos\logback\logback-core\0.9.30\logback-core-0.9.30.jar;C:\Users\YURY\.m2\repository\org\seleniumhq\selenium\selenium-java\2.44.0\selenium-java-2.44.0.jar;C:\Users\YURY\.m2\repository\org\seleniumhq\selenium\selenium-chrome-driver\2.44.0\selenium-chrome-driver-2.44.0.jar;C:\Users\YURY\.m2\repository\org\seleniumhq\selenium\selenium-remote-driver\2.44.0\selenium-remote-driver-2.44.0.jar;C:\Users\YURY\.m2\repository\org\seleniumhq\selenium\selenium-api\2.44.0\selenium-api-2.44.0.jar;C:\Users\YURY\.m2\repository\org\seleniumhq\selenium\selenium-htmlunit-driver\2.44.0\selenium-htmlunit-driver-2.44.0.jar;C:\Users\YURY\.m2\repository\net\sourceforge\htmlunit\htmlunit\2.15\htmlunit-2.15.jar;C:\Users\YURY\.m2\repository\xalan\xalan\2.7.1\xalan-2.7.1.jar;C:\Users\YURY\.m2\repository\xalan\serializer\2.7.1\serializer-2.7.1.jar;C:\Users\YURY\.m2\repository\commons-collections\commons-collections\3.2.1\commons-collections-3.2.1.jar;C:\Users\YURY\.m2\repository\org\apache\commons\commons-lang3\3.3.2\commons-lang3-3.3.2.jar;C:\Users\YURY\.m2\repository\org\apache\httpcomponents\httpmime\4.3.3\httpmime-4.3.3.jar;C:\Users\YURY\.m2\repository\commons-codec\commons-codec\1.9\commons-codec-1.9.jar;C:\Users\YURY\.m2\repository\net\sourceforge\htmlunit\htmlunit-core-js\2.15\htmlunit-core-js-2.15.jar;C:\Users\YURY\.m2\repository\xerces\xercesImpl\2.11.0\xercesImpl-2.11.0.jar;C:\Users\YURY\.m2\repository\xml-apis\xml-apis\1.4.01\xml-apis-1.4.01.jar;C:\Users\YURY\.m2\repository\net\sourceforge\nekohtml\nekohtml\1.9.21\nekohtml-1.9.21.jar;C:\Users\YURY\.m2\repository\net\sourceforge\cssparser\cssparser\0.9.14\cssparser-0.9.14.jar;C:\Users\YURY\.m2\repository\org\w3c\css\sac\1.3\sac-1.3.jar;C:\Users\YURY\.m2\repository\commons-logging\commons-logging\1.1.3\commons-logging-1.1.3.jar;C:\Users\YURY\.m2\repository\org\eclipse\jetty\jetty-websocket\8.1.15.v20140411\jetty-websocket-8.1.15.v20140411.jar;C:\Users\YURY\.m2\repository\org\eclipse\jetty\jetty-util\8.1.15.v20140411\jetty-util-8.1.15.v20140411.jar;C:\Users\YURY\.m2\repository\org\eclipse\jetty\jetty-io\8.1.15.v20140411\jetty-io-8.1.15.v20140411.jar;C:\Users\YURY\.m2\repository\org\eclipse\jetty\jetty-http\8.1.15.v20140411\jetty-http-8.1.15.v20140411.jar;C:\Users\YURY\.m2\repository\org\apache\httpcomponents\httpclient\4.3.4\httpclient-4.3.4.jar;C:\Users\YURY\.m2\repository\org\apache\httpcomponents\httpcore\4.3.2\httpcore-4.3.2.jar;C:\Users\YURY\.m2\repository\org\seleniumhq\selenium\selenium-firefox-driver\2.44.0\selenium-firefox-driver-2.44.0.jar;C:\Users\YURY\.m2\repository\commons-io\commons-io\2.4\commons-io-2.4.jar;C:\Users\YURY\.m2\repository\org\seleniumhq\selenium\selenium-ie-driver\2.44.0\selenium-ie-driver-2.44.0.jar;C:\Users\YURY\.m2\repository\net\java\dev\jna\jna\3.4.0\jna-3.4.0.jar;C:\Users\YURY\.m2\repository\net\java\dev\jna\platform\3.4.0\platform-3.4.0.jar;C:\Users\YURY\.m2\repository\org\seleniumhq\selenium\selenium-safari-driver\2.44.0\selenium-safari-driver-2.44.0.jar;C:\Users\YURY\.m2\repository\org\seleniumhq\selenium\selenium-support\2.44.0\selenium-support-2.44.0.jar;C:\Users\YURY\.m2\repository\org\webbitserver\webbit\0.4.14\webbit-0.4.14.jar;C:\Users\YURY\.m2\repository\io\netty\netty\3.5.2.Final\netty-3.5.2.Final.jar;C:\Users\YURY\.m2\repository\com\opera\operadriver\1.5\operadriver-1.5.jar;C:\Users\YURY\.m2\repository\com\opera\operalaunchers\1.1\operalaunchers-1.1.jar;C:\Users\YURY\.m2\repository\com\google\protobuf\protobuf-java\2.4.1\protobuf-java-2.4.1.jar;C:\Users\YURY\.m2\repository\commons-jxpath\commons-jxpath\1.3\commons-jxpath-1.3.jar;C:\Users\YURY\.m2\repository\org\apache\commons\commons-exec\1.1\commons-exec-1.1.jar;C:\Users\YURY\.m2\repository\org\ini4j\ini4j\0.5.2\ini4j-0.5.2.jar;"/>
    <property name="java.vm.vendor" value="Oracle Corporation"/>
    <property name="sun.arch.data.model" value="64"/>
    <property name="user.variant" value=""/>
    <property name="java.vendor.url" value="http://java.oracle.com/"/>
    <property name="user.timezone" value=""/>
    <property name="java.vm.specification.version" value="1.8"/>
    <property name="os.name" value="Windows 10"/>
    <property name="sun.java.launcher" value="SUN_STANDARD"/>
    <property name="user.country" value="BR"/>
    <property name="sun.boot.library.path" value="C:\Program Files\Java\jdk1.8.0_111\jre\bin"/>
    <property name="sun.java.command" value="C:\Users\YURY\AppData\Local\Temp\surefire3881341588058956000\surefirebooter1514100946226589604.jar C:\Users\YURY\AppData\Local\Temp\surefire3881341588058956000 2018-01-24T02-01-13_851-jvmRun1 surefire6172434816466180597tmp surefire_07665273010944864951tmp"/>
    <property name="surefire.test.class.path" value="C:\Users\YURY\Documents\Engenharia de Software\Projeto de Pesquisa\SonarQubeRules\java-custom-rules\target\test-classes;C:\Users\YURY\Documents\Engenharia de Software\Projeto de Pesquisa\SonarQubeRules\java-custom-rules\target\classes;C:\Users\YURY\.m2\repository\org\sonarsource\sonarqube\sonar-plugin-api\6.3\sonar-plugin-api-6.3.jar;C:\Users\YURY\.m2\repository\org\codehaus\woodstox\woodstox-core-lgpl\4.4.0\woodstox-core-lgpl-4.4.0.jar;C:\Users\YURY\.m2\repository\javax\xml\stream\stax-api\1.0-2\stax-api-1.0-2.jar;C:\Users\YURY\.m2\repository\org\codehaus\woodstox\stax2-api\3.1.4\stax2-api-3.1.4.jar;C:\Users\YURY\.m2\repository\org\codehaus\staxmate\staxmate\2.0.1\staxmate-2.0.1.jar;C:\Users\YURY\.m2\repository\org\sonarsource\java\sonar-java-plugin\4.7.1.9272\sonar-java-plugin-4.7.1.9272.jar;C:\Users\YURY\.m2\repository\org\sonarsource\java\java-surefire\4.7.1.9272\java-surefire-4.7.1.9272.jar;C:\Users\YURY\.m2\repository\org\sonarsource\java\java-jacoco\4.7.1.9272\java-jacoco-4.7.1.9272.jar;C:\Users\YURY\.m2\repository\org\jacoco\org.jacoco.core\0.7.5.201505241946\org.jacoco.core-0.7.5.201505241946.jar;C:\Users\YURY\.m2\repository\org\sonarsource\java\java-jacoco-previous\4.7.1.9272\java-jacoco-previous-4.7.1.9272.jar;C:\Users\YURY\.m2\repository\org\sonarsource\java\java-checks\4.7.1.9272\java-checks-4.7.1.9272.jar;C:\Users\YURY\.m2\repository\org\sonarsource\java\java-frontend\4.7.1.9272\java-frontend-4.7.1.9272.jar;C:\Users\YURY\.m2\repository\org\sonarsource\sslr\sslr-core\1.21\sslr-core-1.21.jar;C:\Users\YURY\.m2\repository\com\google\code\findbugs\jsr305\1.3.9\jsr305-1.3.9.jar;C:\Users\YURY\.m2\repository\cglib\cglib-nodep\3.1\cglib-nodep-3.1.jar;C:\Users\YURY\.m2\repository\com\google\guava\guava\19.0\guava-19.0.jar;C:\Users\YURY\.m2\repository\org\sonarsource\java\java-maven-model\4.7.1.9272\java-maven-model-4.7.1.9272.jar;C:\Users\YURY\.m2\repository\org\ow2\asm\asm-debug-all\5.0.3\asm-debug-all-5.0.3.jar;C:\Users\YURY\.m2\repository\org\apache\maven\maven-project\2.0.7\maven-project-2.0.7.jar;C:\Users\YURY\.m2\repository\org\apache\maven\maven-settings\2.0.7\maven-settings-2.0.7.jar;C:\Users\YURY\.m2\repository\org\apache\maven\maven-profile\2.0.7\maven-profile-2.0.7.jar;C:\Users\YURY\.m2\repository\org\apache\maven\maven-model\2.0.7\maven-model-2.0.7.jar;C:\Users\YURY\.m2\repository\org\apache\maven\maven-artifact-manager\2.0.7\maven-artifact-manager-2.0.7.jar;C:\Users\YURY\.m2\repository\org\apache\maven\maven-repository-metadata\2.0.7\maven-repository-metadata-2.0.7.jar;C:\Users\YURY\.m2\repository\org\apache\maven\wagon\wagon-provider-api\1.0-beta-2\wagon-provider-api-1.0-beta-2.jar;C:\Users\YURY\.m2\repository\org\apache\maven\maven-plugin-registry\2.0.7\maven-plugin-registry-2.0.7.jar;C:\Users\YURY\.m2\repository\org\codehaus\plexus\plexus-utils\1.4.1\plexus-utils-1.4.1.jar;C:\Users\YURY\.m2\repository\org\apache\maven\maven-artifact\2.0.7\maven-artifact-2.0.7.jar;C:\Users\YURY\.m2\repository\org\codehaus\plexus\plexus-container-default\1.0-alpha-9-stable-1\plexus-container-default-1.0-alpha-9-stable-1.jar;C:\Users\YURY\.m2\repository\classworlds\classworlds\1.1-alpha-2\classworlds-1.1-alpha-2.jar;C:\Users\YURY\.m2\repository\commons-lang\commons-lang\2.6\commons-lang-2.6.jar;C:\Users\YURY\.m2\repository\org\sonarsource\sslr-squid-bridge\sslr-squid-bridge\2.6.1\sslr-squid-bridge-2.6.1.jar;C:\Users\YURY\.m2\repository\org\picocontainer\picocontainer\2.14.1\picocontainer-2.14.1.jar;C:\Users\YURY\.m2\repository\org\sonarsource\java\java-checks-testkit\4.7.1.9272\java-checks-testkit-4.7.1.9272.jar;C:\Users\YURY\.m2\repository\com\google\code\gson\gson\2.6.2\gson-2.6.2.jar;C:\Users\YURY\.m2\repository\org\sonarsource\sslr\sslr-testing-harness\1.21\sslr-testing-harness-1.21.jar;C:\Users\YURY\.m2\repository\org\sonarsource\sslr\sslr-toolkit\1.21\sslr-toolkit-1.21.jar;C:\Users\YURY\.m2\repository\org\sonarsource\sslr\sslr-xpath\1.21\sslr-xpath-1.21.jar;C:\Users\YURY\.m2\repository\jaxen\jaxen\1.1.4\jaxen-1.1.4.jar;C:\Users\YURY\.m2\repository\org\codehaus\sonar\sonar-colorizer\3.7\sonar-colorizer-3.7.jar;C:\Users\YURY\.m2\repository\org\codehaus\sonar\sonar-channel\3.7\sonar-channel-3.7.jar;C:\Users\YURY\.m2\repository\org\easytesting\fest-assert\1.4\fest-assert-1.4.jar;C:\Users\YURY\.m2\repository\org\easytesting\fest-util\1.1.6\fest-util-1.1.6.jar;C:\Users\YURY\.m2\repository\org\hamcrest\hamcrest-all\1.1\hamcrest-all-1.1.jar;C:\Users\YURY\.m2\repository\org\slf4j\slf4j-api\1.6.2\slf4j-api-1.6.2.jar;C:\Users\YURY\.m2\repository\junit\junit\4.12\junit-4.12.jar;C:\Users\YURY\.m2\repository\org\hamcrest\hamcrest-core\1.3\hamcrest-core-1.3.jar;C:\Users\YURY\.m2\repository\org\assertj\assertj-core\3.6.1\assertj-core-3.6.1.jar;C:\Users\YURY\.m2\repository\ch\qos\logback\logback-classic\0.9.30\logback-classic-0.9.30.jar;C:\Users\YURY\.m2\repository\ch\qos\logback\logback-core\0.9.30\logback-core-0.9.30.jar;C:\Users\YURY\.m2\repository\org\seleniumhq\selenium\selenium-java\2.44.0\selenium-java-2.44.0.jar;C:\Users\YURY\.m2\repository\org\seleniumhq\selenium\selenium-chrome-driver\2.44.0\selenium-chrome-driver-2.44.0.jar;C:\Users\YURY\.m2\repository\org\seleniumhq\selenium\selenium-remote-driver\2.44.0\selenium-remote-driver-2.44.0.jar;C:\Users\YURY\.m2\repository\org\seleniumhq\selenium\selenium-api\2.44.0\selenium-api-2.44.0.jar;C:\Users\YURY\.m2\repository\org\seleniumhq\selenium\selenium-htmlunit-driver\2.44.0\selenium-htmlunit-driver-2.44.0.jar;C:\Users\YURY\.m2\repository\net\sourceforge\htmlunit\htmlunit\2.15\htmlunit-2.15.jar;C:\Users\YURY\.m2\repository\xalan\xalan\2.7.1\xalan-2.7.1.jar;C:\Users\YURY\.m2\repository\xalan\serializer\2.7.1\serializer-2.7.1.jar;C:\Users\YURY\.m2\repository\commons-collections\commons-collections\3.2.1\commons-collections-3.2.1.jar;C:\Users\YURY\.m2\repository\org\apache\commons\commons-lang3\3.3.2\commons-lang3-3.3.2.jar;C:\Users\YURY\.m2\repository\org\apache\httpcomponents\httpmime\4.3.3\httpmime-4.3.3.jar;C:\Users\YURY\.m2\repository\commons-codec\commons-codec\1.9\commons-codec-1.9.jar;C:\Users\YURY\.m2\repository\net\sourceforge\htmlunit\htmlunit-core-js\2.15\htmlunit-core-js-2.15.jar;C:\Users\YURY\.m2\repository\xerces\xercesImpl\2.11.0\xercesImpl-2.11.0.jar;C:\Users\YURY\.m2\repository\xml-apis\xml-apis\1.4.01\xml-apis-1.4.01.jar;C:\Users\YURY\.m2\repository\net\sourceforge\nekohtml\nekohtml\1.9.21\nekohtml-1.9.21.jar;C:\Users\YURY\.m2\repository\net\sourceforge\cssparser\cssparser\0.9.14\cssparser-0.9.14.jar;C:\Users\YURY\.m2\repository\org\w3c\css\sac\1.3\sac-1.3.jar;C:\Users\YURY\.m2\repository\commons-logging\commons-logging\1.1.3\commons-logging-1.1.3.jar;C:\Users\YURY\.m2\repository\org\eclipse\jetty\jetty-websocket\8.1.15.v20140411\jetty-websocket-8.1.15.v20140411.jar;C:\Users\YURY\.m2\repository\org\eclipse\jetty\jetty-util\8.1.15.v20140411\jetty-util-8.1.15.v20140411.jar;C:\Users\YURY\.m2\repository\org\eclipse\jetty\jetty-io\8.1.15.v20140411\jetty-io-8.1.15.v20140411.jar;C:\Users\YURY\.m2\repository\org\eclipse\jetty\jetty-http\8.1.15.v20140411\jetty-http-8.1.15.v20140411.jar;C:\Users\YURY\.m2\repository\org\apache\httpcomponents\httpclient\4.3.4\httpclient-4.3.4.jar;C:\Users\YURY\.m2\repository\org\apache\httpcomponents\httpcore\4.3.2\httpcore-4.3.2.jar;C:\Users\YURY\.m2\repository\org\seleniumhq\selenium\selenium-firefox-driver\2.44.0\selenium-firefox-driver-2.44.0.jar;C:\Users\YURY\.m2\repository\commons-io\commons-io\2.4\commons-io-2.4.jar;C:\Users\YURY\.m2\repository\org\seleniumhq\selenium\selenium-ie-driver\2.44.0\selenium-ie-driver-2.44.0.jar;C:\Users\YURY\.m2\repository\net\java\dev\jna\jna\3.4.0\jna-3.4.0.jar;C:\Users\YURY\.m2\repository\net\java\dev\jna\platform\3.4.0\platform-3.4.0.jar;C:\Users\YURY\.m2\repository\org\seleniumhq\selenium\selenium-safari-driver\2.44.0\selenium-safari-driver-2.44.0.jar;C:\Users\YURY\.m2\repository\org\seleniumhq\selenium\selenium-support\2.44.0\selenium-support-2.44.0.jar;C:\Users\YURY\.m2\repository\org\webbitserver\webbit\0.4.14\webbit-0.4.14.jar;C:\Users\YURY\.m2\repository\io\netty\netty\3.5.2.Final\netty-3.5.2.Final.jar;C:\Users\YURY\.m2\repository\com\opera\operadriver\1.5\operadriver-1.5.jar;C:\Users\YURY\.m2\repository\com\opera\operalaunchers\1.1\operalaunchers-1.1.jar;C:\Users\YURY\.m2\repository\com\google\protobuf\protobuf-java\2.4.1\protobuf-java-2.4.1.jar;C:\Users\YURY\.m2\repository\commons-jxpath\commons-jxpath\1.3\commons-jxpath-1.3.jar;C:\Users\YURY\.m2\repository\org\apache\commons\commons-exec\1.1\commons-exec-1.1.jar;C:\Users\YURY\.m2\repository\org\ini4j\ini4j\0.5.2\ini4j-0.5.2.jar;"/>
    <property name="sun.cpu.endian" value="little"/>
    <property name="user.home" value="C:\Users\YURY"/>
    <property name="user.language" value="pt"/>
    <property name="java.specification.vendor" value="Oracle Corporation"/>
    <property name="java.home" value="C:\Program Files\Java\jdk1.8.0_111\jre"/>
    <property name="basedir" value="C:\Users\YURY\Documents\Engenharia de Software\Projeto de Pesquisa\SonarQubeRules\java-custom-rules"/>
    <property name="file.separator" value="\"/>
    <property name="line.separator" value="&#10;"/>
    <property name="java.vm.specification.vendor" value="Oracle Corporation"/>
    <property name="java.specification.name" value="Java Platform API Specification"/>
    <property name="java.awt.graphicsenv" value="sun.awt.Win32GraphicsEnvironment"/>
    <property name="surefire.real.class.path" value="C:\Users\YURY\AppData\Local\Temp\surefire3881341588058956000\surefirebooter1514100946226589604.jar"/>
    <property name="sun.boot.class.path" value="C:\Program Files\Java\jdk1.8.0_111\jre\lib\resources.jar;C:\Program Files\Java\jdk1.8.0_111\jre\lib\rt.jar;C:\Program Files\Java\jdk1.8.0_111\jre\lib\sunrsasign.jar;C:\Program Files\Java\jdk1.8.0_111\jre\lib\jsse.jar;C:\Program Files\Java\jdk1.8.0_111\jre\lib\jce.jar;C:\Program Files\Java\jdk1.8.0_111\jre\lib\charsets.jar;C:\Program Files\Java\jdk1.8.0_111\jre\lib\jfr.jar;C:\Program Files\Java\jdk1.8.0_111\jre\classes"/>
    <property name="user.script" value=""/>
    <property name="sun.management.compiler" value="HotSpot 64-Bit Tiered Compilers"/>
    <property name="java.runtime.version" value="1.8.0_111-b14"/>
    <property name="user.name" value="YURY"/>
    <property name="path.separator" value=";"/>
    <property name="os.version" value="10.0"/>
    <property name="java.endorsed.dirs" value="C:\Program Files\Java\jdk1.8.0_111\jre\lib\endorsed"/>
    <property name="java.runtime.name" value="Java(TM) SE Runtime Environment"/>
    <property name="file.encoding" value="Cp1252"/>
    <property name="java.vm.name" value="Java HotSpot(TM) 64-Bit Server VM"/>
    <property name="maven.ext.class.path" value="C:\Program Files\NetBeans 8.2\java\maven-nblib\netbeans-eventspy.jar"/>
    <property name="localRepository" value="C:\Users\YURY\.m2\repository"/>
    <property name="java.vendor.url.bug" value="http://bugreport.sun.com/bugreport/"/>
    <property name="java.io.tmpdir" value="C:\Users\YURY\AppData\Local\Temp\"/>
    <property name="java.version" value="1.8.0_111"/>
    <property name="user.dir" value="C:\Users\YURY\Documents\Engenharia de Software\Projeto de Pesquisa\SonarQubeRules\java-custom-rules"/>
    <property name="os.arch" value="amd64"/>
    <property name="java.vm.specification.name" value="Java Virtual Machine Specification"/>
    <property name="java.awt.printerjob" value="sun.awt.windows.WPrinterJob"/>
    <property name="sun.os.patch.level" value=""/>
    <property name="java.library.path" value="C:\Program Files\Java\jdk1.8.0_111\jre\bin;C:\WINDOWS\Sun\Java\bin;C:\WINDOWS\system32;C:\WINDOWS;C:\ProgramData\Oracle\Java\javapath;C:\Program Files (x86)\Intel\iCLS Client\;C:\Program Files\Intel\iCLS Client\;C:\Windows\system32;C:\Windows;C:\Windows\System32\Wbem;C:\Windows\System32\WindowsPowerShell\v1.0\;C:\Program Files (x86)\NVIDIA Corporation\PhysX\Common;C:\Program Files (x86)\Intel\Intel(R) Management Engine Components\DAL;C:\Program Files\Intel\Intel(R) Management Engine Components\DAL;C:\Program Files (x86)\Intel\Intel(R) Management Engine Components\IPT;C:\Program Files\Intel\Intel(R) Management Engine Components\IPT;C:\WINDOWS\system32;C:\WINDOWS;C:\WINDOWS\System32\Wbem;C:\WINDOWS\System32\WindowsPowerShell\v1.0\;C:\sonarqube\sonar-scanner\bin\;C:\apache-maven-3.5.2\bin;C:\Program Files\Java\jdk1.8.0_111\bin;C:\Users\YURY\AppData\Local\Microsoft\WindowsApps;C:\Program Files\Microsoft VS Code\bin;C:\Drivers\chromedriver.exe;;."/>
    <property name="java.vm.info" value="mixed mode"/>
    <property name="java.vendor" value="Oracle Corporation"/>
    <property name="java.vm.version" value="25.111-b14"/>
    <property name="java.ext.dirs" value="C:\Program Files\Java\jdk1.8.0_111\jre\lib\ext;C:\WINDOWS\Sun\Java\lib\ext"/>
    <property name="sun.io.unicode.encoding" value="UnicodeLittle"/>
    <property name="java.class.version" value="52.0"/>
  </properties>
  <testcase name="test" classname="org.unipampa.sonar.customrules.java.checks.br.MyFirstCustomCheckTest" time="0.833"/>
</testsuite>